<?xml version="1.0" encoding="UTF-8"?>
<!-- Generated by org.testng.reporters.JUnitReportReporter -->
<testsuite hostname="Pegs2" failures="0" tests="1" name="com.tt.BE.TC_IBE_Config_Standard" time="29.541" errors="0" timestamp="29 Apr 2020 06:23:09 GMT">
  <testcase classname="com.tt.BE.TC_IBE_Config_Standard" name="StandardFlow" time="29.541"/>
</testsuite> <!-- com.tt.BE.TC_IBE_Config_Standard -->
