<?xml version="1.0" encoding="UTF-8"?>
<!-- Generated by org.testng.reporters.JUnitReportReporter -->
<testsuite hostname="Pegs2" failures="0" tests="1" name="com.tt.BE.TC_ClasicFlow" time="128.685" errors="0" timestamp="29 Apr 2020 06:23:09 GMT">
  <testcase classname="com.tt.BE.TC_ClasicFlow" name="Flow" time="128.685"/>
</testsuite> <!-- com.tt.BE.TC_ClasicFlow -->
